<?xml version="1.0" encoding="UTF-8"?>
<!-- Generated by org.testng.reporters.JUnitReportReporter -->
<testsuite skipped="0" hostname="ATMECSINLT-283" name="com.atmecs.qa.script.TutorialsNinjaScript" tests="2" failures="0" timestamp="2019-11-19T18:51:11 IST" time="50.957" errors="0">
  <testcase name="validateHomePage" time="0.031" classname="com.atmecs.qa.script.TutorialsNinjaScript"/>
  <testcase name="searchItemMethod" time="50.926" classname="com.atmecs.qa.script.TutorialsNinjaScript"/>
</testsuite> <!-- com.atmecs.qa.script.TutorialsNinjaScript -->
